This is pdfTeX, Version 3.141592653-2.6-1.40.25 (TeX Live 2023) (preloaded format=pdflatex 2023.7.8)  14 JUL 2023 14:08
entering extended mode
 restricted \write18 enabled.
 file:line:error style messages enabled.
 %&-line parsing enabled.
**jc12948_hw1.tex
(./jc12948_hw1.tex
LaTeX2e <2022-11-01> patch level 1
L3 programming layer <2023-02-22>
(/usr/local/texlive/2023/texmf-dist/tex/latex/base/article.cls
Document Class: article 2022/07/02 v1.4n Standard LaTeX document class
(/usr/local/texlive/2023/texmf-dist/tex/latex/base/size11.clo
File: size11.clo 2022/07/02 v1.4n Standard LaTeX file (size option)
)
\c@part=\count185
\c@section=\count186
\c@subsection=\count187
\c@subsubsection=\count188
\c@paragraph=\count189
\c@subparagraph=\count190
\c@figure=\count191
\c@table=\count192
\abovecaptionskip=\skip48
\belowcaptionskip=\skip49
\bibindent=\dimen140
)
(/usr/local/texlive/2023/texmf-dist/tex/generic/soul/soul.sty
Package: soul 2023-02-18 v3.0 Permit use of UTF-8 characters in soul (HO)

(/usr/local/texlive/2023/texmf-dist/tex/generic/soul/soul-ori.sty
Package: soul-ori 2023-02-18 v3.0 letterspacing/underlining (mf)
\SOUL@word=\toks16
\SOUL@lasttoken=\toks17
\SOUL@syllable=\toks18
\SOUL@cmds=\toks19
\SOUL@buffer=\toks20
\SOUL@token=\toks21
\SOUL@syllgoal=\dimen141
\SOUL@syllwidth=\dimen142
\SOUL@charkern=\dimen143
\SOUL@hyphkern=\dimen144
\SOUL@dimen=\dimen145
\SOUL@dimeni=\dimen146
\SOUL@minus=\count193
\SOUL@comma=\count194
\SOUL@apo=\count195
\SOUL@grave=\count196
\SOUL@spaceskip=\skip50
\SOUL@ttwidth=\dimen147
\SOUL@uldp=\dimen148
\SOUL@ulht=\dimen149
)
(/usr/local/texlive/2023/texmf-dist/tex/generic/infwarerr/infwarerr.sty
Package: infwarerr 2019/12/03 v1.5 Providing info/warning/error messages (HO)
)
(/usr/local/texlive/2023/texmf-dist/tex/generic/etexcmds/etexcmds.sty
Package: etexcmds 2019/12/15 v1.7 Avoid name clashes with e-TeX commands (HO)

(/usr/local/texlive/2023/texmf-dist/tex/generic/iftex/iftex.sty
Package: iftex 2022/02/03 v1.0f TeX engine tests
)))
(/usr/local/texlive/2023/texmf-dist/tex/latex/base/fontenc.sty
Package: fontenc 2021/04/29 v2.0v Standard LaTeX package
)
(/usr/local/texlive/2023/texmf-dist/tex/latex/titling/titling.sty
Package: titling 2009/09/04 v2.1d maketitle typesetting
\thanksmarkwidth=\skip51
\thanksmargin=\skip52
\droptitle=\skip53
)
(/usr/local/texlive/2023/texmf-dist/tex/latex/geometry/geometry.sty
Package: geometry 2020/01/02 v5.9 Page Geometry

(/usr/local/texlive/2023/texmf-dist/tex/latex/graphics/keyval.sty
Package: keyval 2022/05/29 v1.15 key=value parser (DPC)
\KV@toks@=\toks22
)
(/usr/local/texlive/2023/texmf-dist/tex/generic/iftex/ifvtex.sty
Package: ifvtex 2019/10/25 v1.7 ifvtex legacy package. Use iftex instead.
)
\Gm@cnth=\count197
\Gm@cntv=\count198
\c@Gm@tempcnt=\count199
\Gm@bindingoffset=\dimen150
\Gm@wd@mp=\dimen151
\Gm@odd@mp=\dimen152
\Gm@even@mp=\dimen153
\Gm@layoutwidth=\dimen154
\Gm@layoutheight=\dimen155
\Gm@layouthoffset=\dimen156
\Gm@layoutvoffset=\dimen157
\Gm@dimlist=\toks23
)
(/usr/local/texlive/2023/texmf-dist/tex/latex/l3backend/l3backend-pdftex.def
File: l3backend-pdftex.def 2023-01-16 L3 backend support: PDF output (pdfTeX)
\l__color_backend_stack_int=\count266
\l__pdf_internal_box=\box51
)
(./jc12948_hw1.aux)
\openout1 = `jc12948_hw1.aux'.

LaTeX Font Info:    Checking defaults for OML/cmm/m/it on input line 12.
LaTeX Font Info:    ... okay on input line 12.
LaTeX Font Info:    Checking defaults for OMS/cmsy/m/n on input line 12.
LaTeX Font Info:    ... okay on input line 12.
LaTeX Font Info:    Checking defaults for OT1/cmr/m/n on input line 12.
LaTeX Font Info:    ... okay on input line 12.
LaTeX Font Info:    Checking defaults for T1/cmr/m/n on input line 12.
LaTeX Font Info:    ... okay on input line 12.
LaTeX Font Info:    Checking defaults for TS1/cmr/m/n on input line 12.
LaTeX Font Info:    ... okay on input line 12.
LaTeX Font Info:    Checking defaults for OMX/cmex/m/n on input line 12.
LaTeX Font Info:    ... okay on input line 12.
LaTeX Font Info:    Checking defaults for U/cmr/m/n on input line 12.
LaTeX Font Info:    ... okay on input line 12.

*geometry* driver: auto-detecting
*geometry* detected driver: pdftex
*geometry* verbose mode - [ preamble ] result:
* driver: pdftex
* paper: <default>
* layout: <same size as paper>
* layoutoffset:(h,v)=(0.0pt,0.0pt)
* modes: 
* h-part:(L,W,R)=(85.35826pt, 443.57848pt, 85.35826pt)
* v-part:(T,H,B)=(56.9055pt, 642.66711pt, 95.39737pt)
* \paperwidth=614.295pt
* \paperheight=794.96999pt
* \textwidth=443.57848pt
* \textheight=642.66711pt
* \oddsidemargin=13.08827pt
* \evensidemargin=13.08827pt
* \topmargin=-52.36449pt
* \headheight=12.0pt
* \headsep=25.0pt
* \topskip=11.0pt
* \footskip=30.0pt
* \marginparwidth=59.0pt
* \marginparsep=10.0pt
* \columnsep=10.0pt
* \skip\footins=10.0pt plus 4.0pt minus 2.0pt
* \hoffset=0.0pt
* \voffset=0.0pt
* \mag=1000
* \@twocolumnfalse
* \@twosidefalse
* \@mparswitchfalse
* \@reversemarginfalse
* (1in=72.27pt=25.4mm, 1cm=28.453pt)

LaTeX Font Info:    External font `cmex10' loaded for size
(Font)              <12> on input line 15.
LaTeX Font Info:    External font `cmex10' loaded for size
(Font)              <8> on input line 15.
LaTeX Font Info:    External font `cmex10' loaded for size
(Font)              <6> on input line 15.

LaTeX Warning: No \author given.


Underfull \hbox (badness 10000) in paragraph at lines 18--20

 []


Underfull \hbox (badness 10000) in paragraph at lines 18--20

 []

LaTeX Font Info:    External font `cmex10' loaded for size
(Font)              <10.95> on input line 24.

Underfull \hbox (badness 10000) in paragraph at lines 22--51

 []


Underfull \hbox (badness 10000) in paragraph at lines 22--51

 []


Underfull \hbox (badness 10000) in paragraph at lines 22--51

 []


Underfull \hbox (badness 10000) in paragraph at lines 22--51

 []


Underfull \hbox (badness 10000) in paragraph at lines 22--51

 []


Underfull \hbox (badness 10000) in paragraph at lines 22--51

 []


Underfull \hbox (badness 10000) in paragraph at lines 22--51

 []


Underfull \hbox (badness 10000) in paragraph at lines 22--51

 []


Underfull \hbox (badness 10000) in paragraph at lines 22--51

 []

[1

{/usr/local/texlive/2023/texmf-var/fonts/map/pdftex/updmap/pdftex.map}{/usr/loc
al/texlive/2023/texmf-dist/fonts/enc/dvips/cm-super/cm-super-t1.enc}]
Underfull \hbox (badness 10000) in paragraph at lines 54--89

 []


Underfull \hbox (badness 10000) in paragraph at lines 54--89

 []


Underfull \hbox (badness 10000) in paragraph at lines 54--89

 []


Underfull \hbox (badness 10000) in paragraph at lines 54--89

 []


Underfull \hbox (badness 10000) in paragraph at lines 54--89

 []


Underfull \hbox (badness 10000) in paragraph at lines 54--89

 []


Underfull \hbox (badness 10000) in paragraph at lines 54--89

 []


Underfull \hbox (badness 10000) in paragraph at lines 54--89

 []

[2]
Underfull \hbox (badness 10000) in paragraph at lines 92--108

 []


Underfull \hbox (badness 10000) in paragraph at lines 92--108

 []


Underfull \hbox (badness 10000) in paragraph at lines 92--108

 []


Underfull \hbox (badness 10000) in paragraph at lines 92--108

 []


Underfull \hbox (badness 10000) in paragraph at lines 92--108

 []


Underfull \hbox (badness 10000) in paragraph at lines 92--108

 []


Underfull \hbox (badness 10000) in paragraph at lines 92--108

 []


Underfull \hbox (badness 10000) in paragraph at lines 92--108

 []


Underfull \hbox (badness 10000) in paragraph at lines 92--108

 []


Underfull \hbox (badness 10000) in paragraph at lines 92--108

 []


Underfull \hbox (badness 10000) in paragraph at lines 92--108

 []


Underfull \hbox (badness 10000) in paragraph at lines 92--108

 []


Underfull \hbox (badness 10000) in paragraph at lines 92--108

 []

[3]
Underfull \hbox (badness 10000) in paragraph at lines 111--116

 []


Underfull \hbox (badness 10000) in paragraph at lines 111--116

 []


Underfull \hbox (badness 10000) in paragraph at lines 111--116

 []


Underfull \hbox (badness 10000) in paragraph at lines 111--116

 []


Underfull \hbox (badness 10000) in paragraph at lines 128--129

 []


Underfull \hbox (badness 10000) in paragraph at lines 146--148

 []


Underfull \hbox (badness 10000) in paragraph at lines 146--148

 []


Underfull \hbox (badness 10000) in paragraph at lines 161--162

 []

[4]
Underfull \hbox (badness 10000) in paragraph at lines 176--181

 []


Underfull \hbox (badness 10000) in paragraph at lines 176--181

 []


Underfull \hbox (badness 10000) in paragraph at lines 176--181

 []


Underfull \hbox (badness 10000) in paragraph at lines 176--181

 []


Underfull \hbox (badness 10000) in paragraph at lines 184--185

 []


Underfull \hbox (badness 10000) in paragraph at lines 189--192

 []


Underfull \hbox (badness 10000) in paragraph at lines 189--192

 []


Underfull \hbox (badness 10000) in paragraph at lines 195--196

 []


Underfull \hbox (badness 10000) in paragraph at lines 199--200

 []


Underfull \hbox (badness 10000) in paragraph at lines 203--204

 []


Underfull \hbox (badness 10000) in paragraph at lines 207--209

 []


Underfull \hbox (badness 10000) in paragraph at lines 207--209

 []


Underfull \hbox (badness 10000) in paragraph at lines 212--213

 []

[5]
Underfull \hbox (badness 10000) in paragraph at lines 218--223

 []


Underfull \hbox (badness 10000) in paragraph at lines 218--223

 []


Underfull \hbox (badness 10000) in paragraph at lines 218--223

 []


Underfull \hbox (badness 10000) in paragraph at lines 218--223

 []


Underfull \hbox (badness 10000) in paragraph at lines 226--227

 []


Underfull \hbox (badness 10000) in paragraph at lines 230--231

 []


Underfull \hbox (badness 10000) in paragraph at lines 235--238

 []


Underfull \hbox (badness 10000) in paragraph at lines 235--238

 []


Underfull \hbox (badness 10000) in paragraph at lines 241--242

 []


Underfull \hbox (badness 10000) in paragraph at lines 245--246

 []


Underfull \hbox (badness 10000) in paragraph at lines 249--250

 []

[6]
Underfull \hbox (badness 10000) in paragraph at lines 255--261

 []


Underfull \hbox (badness 10000) in paragraph at lines 255--261

 []


Underfull \hbox (badness 10000) in paragraph at lines 255--261

 []


Underfull \hbox (badness 10000) in paragraph at lines 255--261

 []


Underfull \hbox (badness 10000) in paragraph at lines 255--261

 []


Underfull \hbox (badness 10000) in paragraph at lines 283--285

 []


Underfull \hbox (badness 10000) in paragraph at lines 283--285

 []


Underfull \hbox (badness 10000) in paragraph at lines 302--305

 []

[7]
Underfull \hbox (badness 10000) in paragraph at lines 328--333

 []


Underfull \hbox (badness 10000) in paragraph at lines 328--333

 []


Underfull \hbox (badness 10000) in paragraph at lines 328--333

 []


Underfull \hbox (badness 10000) in paragraph at lines 328--333

 []


Underfull \hbox (badness 10000) in paragraph at lines 347--348

 []


Underfull \hbox (badness 10000) in paragraph at lines 370--371

 []

[8]
Underfull \hbox (badness 10000) in paragraph at lines 398--401

 []


Underfull \hbox (badness 10000) in paragraph at lines 398--401

 []


Underfull \hbox (badness 10000) in paragraph at lines 398--401

 []


Underfull \hbox (badness 10000) in paragraph at lines 423--424

 []

[9]
Underfull \hbox (badness 10000) in paragraph at lines 446--451

 []


Underfull \hbox (badness 10000) in paragraph at lines 446--451

 []


Underfull \hbox (badness 10000) in paragraph at lines 446--451

 []


Underfull \hbox (badness 10000) in paragraph at lines 446--451

 []


Underfull \hbox (badness 10000) in paragraph at lines 454--455

 []


Underfull \hbox (badness 10000) in paragraph at lines 458--460

 []


Underfull \hbox (badness 10000) in paragraph at lines 458--460

 []


Underfull \hbox (badness 10000) in paragraph at lines 463--464

 []


Underfull \hbox (badness 10000) in paragraph at lines 467--468

 []

[10]
Underfull \hbox (badness 10000) in paragraph at lines 473--484

 []


Underfull \hbox (badness 10000) in paragraph at lines 473--484

 []


Underfull \hbox (badness 10000) in paragraph at lines 473--484

 []


Underfull \hbox (badness 10000) in paragraph at lines 473--484

 []


Underfull \hbox (badness 10000) in paragraph at lines 473--484

 []


Underfull \hbox (badness 10000) in paragraph at lines 473--484

 []


Underfull \hbox (badness 10000) in paragraph at lines 473--484

 []


Underfull \hbox (badness 10000) in paragraph at lines 473--484

 []


Underfull \hbox (badness 10000) in paragraph at lines 473--484

 []


Underfull \hbox (badness 10000) in paragraph at lines 473--484

 []


Underfull \hbox (badness 10000) in paragraph at lines 473--484

 []


Underfull \hbox (badness 10000) in paragraph at lines 473--484

 []


Underfull \hbox (badness 10000) in paragraph at lines 485--494

 []


Underfull \hbox (badness 10000) in paragraph at lines 485--494

 []


Underfull \hbox (badness 10000) in paragraph at lines 485--494

 []


Underfull \hbox (badness 10000) in paragraph at lines 485--494

 []


Underfull \hbox (badness 10000) in paragraph at lines 485--494

 []


Underfull \hbox (badness 10000) in paragraph at lines 485--494

 []


Underfull \hbox (badness 10000) in paragraph at lines 485--494

 []


Underfull \hbox (badness 10000) in paragraph at lines 485--494

 []


Underfull \hbox (badness 10000) in paragraph at lines 485--494

 []


Underfull \hbox (badness 10000) in paragraph at lines 485--494

 []

[11]
Underfull \hbox (badness 10000) in paragraph at lines 497--502

 []


Underfull \hbox (badness 10000) in paragraph at lines 497--502

 []


Underfull \hbox (badness 10000) in paragraph at lines 497--502

 []


Underfull \hbox (badness 10000) in paragraph at lines 497--502

 []


Underfull \hbox (badness 10000) in paragraph at lines 505--506

 []


Underfull \hbox (badness 10000) in paragraph at lines 509--510

 []


Underfull \hbox (badness 10000) in paragraph at lines 513--514

 []


Underfull \hbox (badness 10000) in paragraph at lines 517--518

 []


Underfull \hbox (badness 10000) in paragraph at lines 522--524

 []


Underfull \hbox (badness 10000) in paragraph at lines 522--524

 []


Underfull \hbox (badness 10000) in paragraph at lines 527--528

 []


Underfull \hbox (badness 10000) in paragraph at lines 531--532

 []


Underfull \hbox (badness 10000) in paragraph at lines 535--536

 []


Underfull \hbox (badness 10000) in paragraph at lines 539--541

 []


Underfull \hbox (badness 10000) in paragraph at lines 539--541

 []


Underfull \hbox (badness 10000) in paragraph at lines 544--545

 []

[12]
Underfull \hbox (badness 10000) in paragraph at lines 548--549

 []


Underfull \hbox (badness 10000) in paragraph at lines 552--553

 []

[13]
Underfull \hbox (badness 10000) in paragraph at lines 558--563

 []


Underfull \hbox (badness 10000) in paragraph at lines 558--563

 []


Underfull \hbox (badness 10000) in paragraph at lines 558--563

 []


Underfull \hbox (badness 10000) in paragraph at lines 558--563

 []


Underfull \hbox (badness 10000) in paragraph at lines 569--570

 []


Underfull \hbox (badness 10000) in paragraph at lines 577--578

 []


Underfull \hbox (badness 10000) in paragraph at lines 584--585

 []


Underfull \hbox (badness 10000) in paragraph at lines 591--593

 []


Underfull \hbox (badness 10000) in paragraph at lines 591--593

 []


Underfull \hbox (badness 10000) in paragraph at lines 596--597

 []


Underfull \hbox (badness 10000) in paragraph at lines 600--601

 []

[14] (./jc12948_hw1.aux) )
(\end occurred inside a group at level 1)

### simple group (level 1) entered at line 102 ({)
### bottom level 
Here is how much of TeX's memory you used:
 1673 strings out of 476025
 27226 string characters out of 5790018
 1869388 words of memory out of 5000000
 22156 multiletter control sequences out of 15000+600000
 520113 words of font info for 50 fonts, out of 8000000 for 9000
 1141 hyphenation exceptions out of 8191
 55i,8n,62p,209b,204s stack positions out of 10000i,1000n,20000p,200000b,200000s
</usr/local/texlive/2023/texmf-dist/fonts/type1/public/amsfonts
/cm/cmmi10.pfb></usr/local/texlive/2023/texmf-dist/fonts/type1/public/amsfonts/
cm/cmmi8.pfb></usr/local/texlive/2023/texmf-dist/fonts/type1/public/amsfonts/cm
/cmr10.pfb></usr/local/texlive/2023/texmf-dist/fonts/type1/public/amsfonts/cm/c
mr8.pfb></usr/local/texlive/2023/texmf-dist/fonts/type1/public/amsfonts/cm/cmsy
10.pfb></usr/local/texlive/2023/texmf-dist/fonts/type1/public/amsfonts/cm/cmsy6
.pfb></usr/local/texlive/2023/texmf-dist/fonts/type1/public/cm-super/sfbx1095.p
fb></usr/local/texlive/2023/texmf-dist/fonts/type1/public/cm-super/sfbx1728.pfb
></usr/local/texlive/2023/texmf-dist/fonts/type1/public/cm-super/sfrm1095.pfb><
/usr/local/texlive/2023/texmf-dist/fonts/type1/public/cm-super/sfrm1728.pfb>
Output written on jc12948_hw1.pdf (14 pages, 168236 bytes).
PDF statistics:
 101 PDF objects out of 1000 (max. 8388607)
 64 compressed objects within 1 object stream
 0 named destinations out of 1000 (max. 500000)
 1 words of extra memory for PDF output out of 10000 (max. 10000000)

